1624297464398	mozrunner::runner	INFO	Running command: "C:\\Program Files\\Mozilla Firefox\\firefox.exe" "-marionette" "-foreground" "-no-remote" "-profile" "C:\\Users\\Andrei\\AppData\\Local\\Temp\\rust_mozprofileKZCbDM"
Can't find symbol 'eglSwapBuffersWithDamageEXT'.
Can't find symbol 'eglSetDamageRegionKHR'.
JavaScript error: resource://gre/modules/XULStore.jsm, line 66: Error: Can't find profile directory.
console.warn: SearchSettings: "get: No settings file exists, new profile?" (new Error("", "(unknown module)"))
1624297467227	Marionette	INFO	Listening on port 50783
1624297467610	Marionette	WARN	TLS certificate errors will be ignored for this session
1624297496621	Marionette	INFO	Stopped listening on port 50783

###!!! [Child][RunMessage] Error: Channel closing: too late to send/recv, messages will be lost

1624297526517	mozrunner::runner	INFO	Running command: "C:\\Program Files\\Mozilla Firefox\\firefox.exe" "-marionette" "-foreground" "-no-remote" "-profile" "C:\\Users\\Andrei\\AppData\\Local\\Temp\\rust_mozprofileeo75aX"
Can't find symbol 'eglSwapBuffersWithDamageEXT'.
Can't find symbol 'eglSetDamageRegionKHR'.
JavaScript error: resource://gre/modules/XULStore.jsm, line 66: Error: Can't find profile directory.
console.warn: SearchSettings: "get: No settings file exists, new profile?" (new Error("", "(unknown module)"))
1624297529420	Marionette	INFO	Listening on port 64145
1624297529723	Marionette	WARN	TLS certificate errors will be ignored for this session
1624297533284	Marionette	INFO	Stopped listening on port 64145
1624298865956	mozrunner::runner	INFO	Running command: "C:\\Program Files\\Mozilla Firefox\\firefox.exe" "-marionette" "-foreground" "-no-remote" "-profile" "C:\\Users\\Andrei\\AppData\\Local\\Temp\\rust_mozprofilekiK0Bx"
Can't find symbol 'eglSwapBuffersWithDamageEXT'.
Can't find symbol 'eglSetDamageRegionKHR'.
JavaScript error: resource://gre/modules/XULStore.jsm, line 66: Error: Can't find profile directory.
console.warn: SearchSettings: "get: No settings file exists, new profile?" (new Error("", "(unknown module)"))
1624298868985	Marionette	INFO	Listening on port 56472
1624298869178	Marionette	WARN	TLS certificate errors will be ignored for this session
Can't find symbol 'eglSwapBuffersWithDamageEXT'.
Can't find symbol 'eglSetDamageRegionKHR'.
JavaScript warning: https://www.deindeal.ch/_next/static/chunks/main-181e491a691af00e53ea.js, line 1: unreachable code after return statement
1624298888393	Marionette	INFO	Stopped listening on port 56472

###!!! [Child][RunMessage] Error: Channel closing: too late to send/recv, messages will be lost

1624300530775	mozrunner::runner	INFO	Running command: "C:\\Program Files\\Mozilla Firefox\\firefox.exe" "-marionette" "-foreground" "-no-remote" "-profile" "C:\\Users\\Andrei\\AppData\\Local\\Temp\\rust_mozprofileg8Bev5"
Can't find symbol 'eglSwapBuffersWithDamageEXT'.
Can't find symbol 'eglSetDamageRegionKHR'.
JavaScript error: resource://gre/modules/XULStore.jsm, line 66: Error: Can't find profile directory.
console.warn: SearchSettings: "get: No settings file exists, new profile?" (new Error("", "(unknown module)"))
1624300533494	Marionette	INFO	Listening on port 51679
1624300533964	Marionette	WARN	TLS certificate errors will be ignored for this session
Can't find symbol 'eglSwapBuffersWithDamageEXT'.
Can't find symbol 'eglSetDamageRegionKHR'.
JavaScript warning: https://www.deindeal.ch/_next/static/chunks/main-181e491a691af00e53ea.js, line 1: unreachable code after return statement
1624300602812	Marionette	INFO	Stopped listening on port 51679

###!!! [Child][RunMessage] Error: Channel closing: too late to send/recv, messages will be lost

1624300678915	mozrunner::runner	INFO	Running command: "C:\\Program Files\\Mozilla Firefox\\firefox.exe" "-marionette" "-foreground" "-no-remote" "-profile" "C:\\Users\\Andrei\\AppData\\Local\\Temp\\rust_mozprofileNN66YW"
Can't find symbol 'eglSwapBuffersWithDamageEXT'.
Can't find symbol 'eglSetDamageRegionKHR'.
JavaScript error: resource://gre/modules/XULStore.jsm, line 66: Error: Can't find profile directory.
console.warn: SearchSettings: "get: No settings file exists, new profile?" (new Error("", "(unknown module)"))
1624300681761	Marionette	INFO	Listening on port 56345
1624300682110	Marionette	WARN	TLS certificate errors will be ignored for this session
Can't find symbol 'eglSwapBuffersWithDamageEXT'.
Can't find symbol 'eglSetDamageRegionKHR'.
JavaScript warning: https://www.deindeal.ch/_next/static/chunks/main-181e491a691af00e53ea.js, line 1: unreachable code after return statement
1624300733963	Marionette	INFO	Stopped listening on port 56345

###!!! [Child][RunMessage] Error: Channel closing: too late to send/recv, messages will be lost

1624300738678	mozrunner::runner	INFO	Running command: "C:\\Program Files\\Mozilla Firefox\\firefox.exe" "-marionette" "-foreground" "-no-remote" "-profile" "C:\\Users\\Andrei\\AppData\\Local\\Temp\\rust_mozprofile7fsOTT"
Can't find symbol 'eglSwapBuffersWithDamageEXT'.
Can't find symbol 'eglSetDamageRegionKHR'.
JavaScript error: resource://gre/modules/XULStore.jsm, line 66: Error: Can't find profile directory.
console.warn: SearchSettings: "get: No settings file exists, new profile?" (new Error("", "(unknown module)"))
1624300741458	Marionette	INFO	Listening on port 61839
1624300741883	Marionette	WARN	TLS certificate errors will be ignored for this session
Can't find symbol 'eglSwapBuffersWithDamageEXT'.
Can't find symbol 'eglSetDamageRegionKHR'.
JavaScript warning: https://www.deindeal.ch/_next/static/chunks/main-181e491a691af00e53ea.js, line 1: unreachable code after return statement
1624300767746	Marionette	INFO	Stopped listening on port 61839

###!!! [Child][RunMessage] Error: Channel closing: too late to send/recv, messages will be lost

1624300772384	mozrunner::runner	INFO	Running command: "C:\\Program Files\\Mozilla Firefox\\firefox.exe" "-marionette" "-foreground" "-no-remote" "-profile" "C:\\Users\\Andrei\\AppData\\Local\\Temp\\rust_mozprofileOUhwoE"
Can't find symbol 'eglSwapBuffersWithDamageEXT'.
Can't find symbol 'eglSetDamageRegionKHR'.
JavaScript error: resource://gre/modules/XULStore.jsm, line 66: Error: Can't find profile directory.
console.warn: SearchSettings: "get: No settings file exists, new profile?" (new Error("", "(unknown module)"))
1624300775183	Marionette	INFO	Listening on port 50664
1624300775595	Marionette	WARN	TLS certificate errors will be ignored for this session
Can't find symbol 'eglSwapBuffersWithDamageEXT'.
Can't find symbol 'eglSetDamageRegionKHR'.
JavaScript warning: https://www.deindeal.ch/_next/static/chunks/main-181e491a691af00e53ea.js, line 1: unreachable code after return statement
1624301147866	Marionette	INFO	Stopped listening on port 50664

###!!! [Child][RunMessage] Error: Channel closing: too late to send/recv, messages will be lost

rs\\Andrei\\AppData\\Local\\Temp\\rust_mozprofile7tpI8W"
Can't find symbol 'eglSwapBuffersWithDamageEXT'.
Can't find symbol 'eglSetDamageRegionKHR'.
JavaScript error: resource://gre/modules/XULStore.jsm, line 66: Error: Can't find profile directory.
console.warn: SearchSettings: "get: No settings file exists, new profile?" (new Error("", "(unknown module)"))
1624300816825	Marionette	INFO	Listening on port 59653
1624300817058	Marionette	WARN	TLS certificate errors will be ignored for this session
Can't find symbol 'eglSwapBuffersWithDamageEXT'.
Can't find symbol 'eglSetDamageRegionKHR'.
JavaScript warning: https://www.deindeal.ch/_next/static/chunks/main-181e491a691af00e53ea.js, line 1: unreachable code after return statement
[Parent 18964, Gecko_IOThread] WARNING: file /builds/worker/checkouts/gecko/ipc/chromium/src/base/process_util_win.cc:166
1624301151277	Marionette	INFO	Stopped listening on port 59653

###!!! [Child][RunMessage] Error: Channel closing: too late to send/recv, messages will be lost

1624301187292	mozrunner::runner	INFO	Running command: "C:\\Program Files\\Mozilla Firefox\\firefox.exe" "-marionette" "-foreground" "-no-remote" "-profile" "C:\\Users\\Andrei\\AppData\\Local\\Temp\\rust_mozprofilernzNan"
Can't find symbol 'eglSwapBuffersWithDamageEXT'.
Can't find symbol 'eglSetDamageRegionKHR'.
JavaScript error: resource://gre/modules/XULStore.jsm, line 66: Error: Can't find profile directory.
console.warn: SearchSettings: "get: No settings file exists, new profile?" (new Error("", "(unknown module)"))
1624301190154	Marionette	INFO	Listening on port 51778
1624301190509	Marionette	WARN	TLS certificate errors will be ignored for this session
Can't find symbol 'eglSwapBuffersWithDamageEXT'.
Can't find symbol 'eglSetDamageRegionKHR'.
JavaScript warning: https://www.deindeal.ch/_next/static/chunks/main-181e491a691af00e53ea.js, line 1: unreachable code after return statement
1624301492585	Marionette	INFO	Stopped listening on port 51778

###!!! [Child][RunMessage] Error: Channel closing: too late to send/recv, messages will be lost

1624301594591	mozrunner::runner	INFO	Running command: "C:\\Program Files\\Mozilla Firefox\\firefox.exe" "-marionette" "-foreground" "-no-remote" "-profile" "C:\\Users\\Andrei\\AppData\\Local\\Temp\\rust_mozprofileo5rt1D"
Can't find symbol 'eglSwapBuffersWithDamageEXT'.
Can't find symbol 'eglSetDamageRegionKHR'.
JavaScript error: resource://gre/modules/XULStore.jsm, line 66: Error: Can't find profile directory.
console.warn: SearchSettings: "get: No settings file exists, new profile?" (new Error("", "(unknown module)"))
1624301597368	Marionette	INFO	Listening on port 63356
1624301597799	Marionette	WARN	TLS certificate errors will be ignored for this session
Can't find symbol 'eglSwapBuffersWithDamageEXT'.
Can't find symbol 'eglSetDamageRegionKHR'.
JavaScript warning: https://www.deindeal.ch/_next/static/chunks/main-181e491a691af00e53ea.js, line 1: unreachable code after return statement
1624301816772	Marionette	INFO	Stopped listening on port 63356
ram Files\\Mozilla Firefox\\firefox.exe" "-marionette" "-foreground" "-no-remote" "-profile" "C:\\Users\\Andrei\\AppData\\Local\\Temp\\rust_mozprofileh5JN00"
Can't find symbol 'eglSwapBuffersWithDamageEXT'.
Can't find symbol 'eglSetDamageRegionKHR'.
JavaScript error: resource://gre/modules/XULStore.jsm, line 66: Error: Can't find profile directory.
console.warn: SearchSettings: "get: No settings file exists, new profile?" (new Error("", "(unknown module)"))
1624301661046	Marionette	INFO	Listening on port 49413
1624301661111	Marionette	WARN	TLS certificate errors will be ignored for this session
Can't find symbol 'eglSwapBuffersWithDamageEXT'.
Can't find symbol 'eglSetDamageRegionKHR'.
JavaScript warning: https://www.deindeal.ch/_next/static/chunks/main-181e491a691af00e53ea.js, line 1: unreachable code after return statement
1624301818374	Marionette	INFO	Stopped listening on port 49413

###!!! [Child][RunMessage] Error: Channel closing: too late to send/recv, messages will be lost

rs\\Andrei\\AppData\\Local\\Temp\\rust_mozprofileaCkJus"
Can't find symbol 'eglSwapBuffersWithDamageEXT'.
Can't find symbol 'eglSetDamageRegionKHR'.
JavaScript error: resource://gre/modules/XULStore.jsm, line 66: Error: Can't find profile directory.
console.warn: SearchSettings: "get: No settings file exists, new profile?" (new Error("", "(unknown module)"))
1624301749443	Marionette	INFO	Listening on port 49697
1624301749957	Marionette	WARN	TLS certificate errors will be ignored for this session
Can't find symbol 'eglSwapBuffersWithDamageEXT'.
Can't find symbol 'eglSetDamageRegionKHR'.
JavaScript warning: https://www.deindeal.ch/_next/static/chunks/main-181e491a691af00e53ea.js, line 1: unreachable code after return statement
[Child 19640, Chrome_ChildThread] WARNING: pipe error: 232: file /builds/worker/checkouts/gecko/ipc/chromium/src/chrome/common/ipc_channel_win.cc:545
1624301821069	Marionette	INFO	Stopped listening on port 49697

###!!! [Child][RunMessage] Error: Channel closing: too late to send/recv, messages will be lost

1624301879338	mozrunner::runner	INFO	Running command: "C:\\Program Files\\Mozilla Firefox\\firefox.exe" "-marionette" "-foreground" "-no-remote" "-profile" "C:\\Users\\Andrei\\AppData\\Local\\Temp\\rust_mozprofileRE7BHw"
Can't find symbol 'eglSwapBuffersWithDamageEXT'.
Can't find symbol 'eglSetDamageRegionKHR'.
JavaScript error: resource://gre/modules/XULStore.jsm, line 66: Error: Can't find profile directory.
console.warn: SearchSettings: "get: No settings file exists, new profile?" (new Error("", "(unknown module)"))
1624301882158	Marionette	INFO	Listening on port 56231
1624301882551	Marionette	WARN	TLS certificate errors will be ignored for this session
Can't find symbol 'eglSwapBuffersWithDamageEXT'.
Can't find symbol 'eglSetDamageRegionKHR'.
JavaScript warning: https://www.deindeal.ch/_next/static/chunks/main-181e491a691af00e53ea.js, line 1: unreachable code after return statement

###!!! [Child][RunMessage] Error: Channel closing: too late to send/recv, messages will be lost

1624302302064	Marionette	INFO	Stopped listening on port 56231

###!!! [Child][RunMessage] Error: Channel closing: too late to send/recv, messages will be lost

XT'.
Can't find symbol 'eglSetDamageRegionKHR'.
JavaScript error: resource://gre/modules/XULStore.jsm, line 66: Error: Can't find profile directory.
console.warn: SearchSettings: "get: No settings file exists, new profile?" (new Error("", "(unknown module)"))
1624301909933	Marionette	INFO	Listening on port 65122
1624301910362	Marionette	WARN	TLS certificate errors will be ignored for this session
Can't find symbol 'eglSwapBuffersWithDamageEXT'.
Can't find symbol 'eglSetDamageRegionKHR'.
JavaScript warning: https://www.deindeal.ch/_next/static/chunks/main-181e491a691af00e53ea.js, line 1: unreachable code after return statement
console.warn: services.settings: main/top-sites sync interrupted by shutdown
console.warn: services.settings: blocklists/addons-bloomfilters sync interrupted by shutdown
console.warn: services.settings: security-state/onecrl sync interrupted by shutdown
console.warn: services.settings: main/search-telemetry sync interrupted by shutdown
console.warn: services.settings: main/search-config sync interrupted by shutdown
console.warn: services.settings: blocklists/gfx sync interrupted by shutdown
console.warn: services.settings: main/cfr sync interrupted by shutdown
console.warn: services.settings: main/fxmonitor-breaches sync interrupted by shutdown
console.waJavaScript error: resource://activity-stream/lib/ASRouter.jsm, line 987: NS_ERROR_ILLEGAL_VALUE: Component returned failure code: 0x80070057 (NS_ERROR_ILLEGAL_VALUE) [nsIObserverService.removeObserver]
1624302304264	Marionette	INFO	Stopped listening on port 50701

###!!! [Child][RunMessage] Error: Channel closing: too late to send/recv, messages will be lost

1624303633487	mozrunner::runner	INFO	Running command: "C:\\Program Files\\Mozilla Firefox\\firefox.exe" "-marionette" "-foreground" "-no-remote" "-profile" "C:\\Users\\Andrei\\AppData\\Local\\Temp\\rust_mozprofileg1b5uo"
Can't find symbol 'eglSwapBuffersWithDamageEXT'.
Can't find symbol 'eglSetDamageRegionKHR'.
JavaScript error: resource://gre/modules/XULStore.jsm, line 66: Error: Can't find profile directory.
console.warn: SearchSettings: "get: No settings file exists, new profile?" (new Error("", "(unknown module)"))
console.error: Region.jsm: "Error fetching region" (new TypeError("NetworkError when attempting to fetch resource.", ""))
console.error: Region.jsm: "Failed to fetch region" (new Error("NO_RESULT", "resource://gre/modules/Region.jsm", 376))
1624303636450	Marionette	INFO	Listening on port 59810
1624303636658	Marionette	WARN	TLS certificate errors will be ignored for this session
1624303643552	Marionette	INFO	Stopped listening on port 59810

###!!! [Child][RunMessage] Error: Channel closing: too late to send/recv, messages will be lost

1624303851706	mozrunner::runner	INFO	Running command: "C:\\Program Files\\Mozilla Firefox\\firefox.exe" "-marionette" "-foreground" "-no-remote" "-profile" "C:\\Users\\Andrei\\AppData\\Local\\Temp\\rust_mozprofileDh7E1W"
Can't find symbol 'eglSwapBuffersWithDamageEXT'.
Can't find symbol 'eglSetDamageRegionKHR'.
JavaScript error: resource://gre/modules/XULStore.jsm, line 66: Error: Can't find profile directory.
console.warn: SearchSettings: "get: No settings file exists, new profile?" (new Error("", "(unknown module)"))
1624303854706	Marionette	INFO	Listening on port 52810
1624303854942	Marionette	WARN	TLS certificate errors will be ignored for this session
JavaScript warning: https://www.deindeal.ch/_next/static/chunks/main-181e491a691af00e53ea.js, line 1: unreachable code after return statement
Can't find symbol 'eglSwapBuffersWithDamageEXT'.
Can't find symbol 'eglSetDamageRegionKHR'.
JavaScript error: , line 0: NotFoundError: No such JSWindowActor 'MarionetteEvents'
1624304066009	Marionette	INFO	Stopped listening on port 52810

###!!! [Child][RunMessage] Error: Channel closing: too late to send/recv, messages will be lost

1624304090693	mozrunner::runner	INFO	Running command: "C:\\Program Files\\Mozilla Firefox\\firefox.exe" "-marionette" "-foreground" "-no-remote" "-profile" "C:\\Users\\Andrei\\AppData\\Local\\Temp\\rust_mozprofileF9ZoSp"
Can't find symbol 'eglSwapBuffersWithDamageEXT'.
Can't find symbol 'eglSetDamageRegionKHR'.
JavaScript error: resource://gre/modules/XULStore.jsm, line 66: Error: Can't find profile directory.
console.warn: SearchSettings: "get: No settings file exists, new profile?" (new Error("", "(unknown module)"))
1624304093674	Marionette	INFO	Listening on port 53851
1624304093945	Marionette	WARN	TLS certificate errors will be ignored for this session
Can't find symbol 'eglSwapBuffersWithDamageEXT'.
Can't find symbol 'eglSetDamageRegionKHR'.
JavaScript warning: https://www.deindeal.ch/_next/static/chunks/main-181e491a691af00e53ea.js, line 1: unreachable code after return statement
1624304151541	Marionette	INFO	Stopped listening on port 53851

###!!! [Child][RunMessage] Error: Channel closing: too late to send/recv, messages will be lost

rs\\Andrei\\AppData\\Local\\Temp\\rust_mozprofilepcB1GE"
Can't find symbol 'eglSwapBuffersWithDamageEXT'.
Can't find symbol 'eglSetDamageRegionKHR'.
JavaScript error: resource://gre/modules/XULStore.jsm, line 66: Error: Can't find profile directory.
console.warn: SearchSettings: "get: No settings file exists, new profile?" (new Error("", "(unknown module)"))
1624304131633	Marionette	INFO	Listening on port 49324
1624304131802	Marionette	WARN	TLS certificate errors will be ignored for this session
Can't find symbol 'eglSwapBuffersWithDamageEXT'.
Can't find symbol 'eglSetDamageRegionKHR'.
JavaScript warning: https://www.deindeal.ch/_next/static/chunks/main-181e491a691af00e53ea.js, line 1: unreachable code after return statement
1624304152827	Marionette	INFO	Stopped listening on port 49324

###!!! [Child][RunMessage] Error: Channel closing: too late to send/recv, messages will be lost

1624307464828	mozrunner::runner	INFO	Running command: "C:\\Program Files\\Mozilla Firefox\\firefox.exe" "-marionette" "-foreground" "-no-remote" "-profile" "C:\\Users\\Andrei\\AppData\\Local\\Temp\\rust_mozprofileNx4LKI"
Can't find symbol 'eglSwapBuffersWithDamageEXT'.
Can't find symbol 'eglSetDamageRegionKHR'.
JavaScript error: resource://gre/modules/XULStore.jsm, line 66: Error: Can't find profile directory.
console.warn: SearchSettings: "get: No settings file exists, new profile?" (new Error("", "(unknown module)"))
1624307467593	Marionette	INFO	Listening on port 49878
1624307468036	Marionette	WARN	TLS certificate errors will be ignored for this session
Can't find symbol 'eglSwapBuffersWithDamageEXT'.
Can't find symbol 'eglSetDamageRegionKHR'.
JavaScript warning: https://www.deindeal.ch/_next/static/chunks/main-181e491a691af00e53ea.js, line 1: unreachable code after return statement
SourceActor threw an exception: [Exception... "Component returned failure code: 0x80470002 (NS_BASE_STREAM_CLOSED) [nsIInputStream.available]"  nsresult: "0x80470002 (NS_BASE_STREAM_CLOSED)"  location: "JS frame :: resource://devtools/shared/DevToolsUtils.js :: onResponse :: line 567"  data: no]
Stack: onResponse@resource://devtools/shared/DevToolsUtils.js:567:34
onStopRequest@resource://gre/modules/NetUtil.jsm:128:18
Line: 567, column: 0
console.error: ({})
JavaScript error: resource://devtools/shared/DevToolsUtils.js, line 567: NS_BASE_STREAM_CLOSED: Component returned failure code: 0x80470002 (NS_BASE_STREAM_CLOSED) [nsIInputStream.available]
1624307541041	Marionette	INFO	Stopped listening on port 49878

###!!! [Child][RunMessage] Error: Channel closing: too late to send/recv, messages will be lost

1624343735405	mozrunner::runner	INFO	Running command: "C:\\Program Files\\Mozilla Firefox\\firefox.exe" "-marionette" "-foreground" "-no-remote" "-profile" "C:\\Users\\Andrei\\AppData\\Local\\Temp\\rust_mozprofile3v16Dh"
Can't find symbol 'eglSwapBuffersWithDamageEXT'.
Can't find symbol 'eglSetDamageRegionKHR'.
JavaScript error: resource://gre/modules/XULStore.jsm, line 66: Error: Can't find profile directory.
console.warn: SearchSettings: "get: No settings file exists, new profile?" (new Error("", "(unknown module)"))
1624343738633	Marionette	INFO	Listening on port 61183
1624343739118	Marionette	WARN	TLS certificate errors will be ignored for this session
Can't find symbol 'eglSwapBuffersWithDamageEXT'.
Can't find symbol 'eglSetDamageRegionKHR'.
JavaScript warning: https://www.deindeal.ch/_next/static/chunks/main-181e491a691af00e53ea.js, line 1: unreachable code after return statement
SourceActor threw an exception: [Exception... "Component returned failure code: 0x80470002 (NS_BASE_STREAM_CLOSED) [nsIInputStream.available]"  nsresult: "0x80470002 (NS_BASE_STREAM_CLOSED)"  location: "JS frame :: resource://devtools/shared/DevToolsUtils.js :: onResponse :: line 567"  data: no]
Stack: onResponse@resource://devtools/shared/DevToolsUtils.js:567:34
onStopRequest@resource://gre/modules/NetUtil.jsm:128:18
Line: 567, column: 0
console.error: ({})
JavaScript error: resource://devtools/shared/DevToolsUtils.js, line 567: NS_BASE_STREAM_CLOSED: Component returned failure code: 0x80470002 (NS_BASE_STREAM_CLOSED) [nsIInputStream.available]
1624343810410	Marionette	INFO	Stopped listening on port 61183

###!!! [Child][RunMessage] Error: Channel closing: too late to send/recv, messages will be lost

1624343835787	mozrunner::runner	INFO	Running command: "C:\\Program Files\\Mozilla Firefox\\firefox.exe" "-marionette" "-foreground" "-no-remote" "-profile" "C:\\Users\\Andrei\\AppData\\Local\\Temp\\rust_mozprofilesKVOep"
Can't find symbol 'eglSwapBuffersWithDamageEXT'.
Can't find symbol 'eglSetDamageRegionKHR'.
JavaScript error: resource://gre/modules/XULStore.jsm, line 66: Error: Can't find profile directory.
console.warn: SearchSettings: "get: No settings file exists, new profile?" (new Error("", "(unknown module)"))
1624343838453	Marionette	INFO	Listening on port 54210
1624343838477	Marionette	WARN	TLS certificate errors will be ignored for this session
Can't find symbol 'eglSwapBuffersWithDamageEXT'.
Can't find symbol 'eglSetDamageRegionKHR'.
JavaScript warning: https://www.deindeal.ch/_next/static/chunks/main-181e491a691af00e53ea.js, line 1: unreachable code after return statement
1624344196133	Marionette	INFO	Stopped listening on port 54210

###!!! [Child][RunMessage] Error: Channel closing: too late to send/recv, messages will be lost

rs\\Andrei\\AppData\\Local\\Temp\\rust_mozprofilePEWMho"
Can't find symbol 'eglSwapBuffersWithDamageEXT'.
Can't find symbol 'eglSetDamageRegionKHR'.
JavaScript error: resource://gre/modules/XULStore.jsm, line 66: Error: Can't find profile directory.
console.warn: SearchSettings: "get: No settings file exists, new profile?" (new Error("", "(unknown module)"))
1624344136181	Marionette	INFO	Listening on port 58491
1624344136619	Marionette	WARN	TLS certificate errors will be ignored for this session
Can't find symbol 'eglSwapBuffersWithDamageEXT'.
Can't find symbol 'eglSetDamageRegionKHR'.
JavaScript warning: https://www.deindeal.ch/_next/static/chunks/main-181e491a691af00e53ea.js, line 1: unreachable code after return statement
1624344193825	Marionette	INFO	Stopped listening on port 58491

###!!! [Child][RunMessage] Error: Channel closing: too late to send/recv, messages will be lost

1624344211645	mozrunner::runner	INFO	Running command: "C:\\Program Files\\Mozilla Firefox\\firefox.exe" "-marionette" "-foreground" "-no-remote" "-profile" "C:\\Users\\Andrei\\AppData\\Local\\Temp\\rust_mozprofiletWJ4zY"
Can't find symbol 'eglSwapBuffersWithDamageEXT'.
Can't find symbol 'eglSetDamageRegionKHR'.
JavaScript error: resource://gre/modules/XULStore.jsm, line 66: Error: Can't find profile directory.
console.warn: SearchSettings: "get: No settings file exists, new profile?" (new Error("", "(unknown module)"))
1624344214395	Marionette	INFO	Listening on port 56464
1624344214840	Marionette	WARN	TLS certificate errors will be ignored for this session
Can't find symbol 'eglSwapBuffersWithDamageEXT'.
Can't find symbol 'eglSetDamageRegionKHR'.
JavaScript warning: https://www.deindeal.ch/_next/static/chunks/main-181e491a691af00e53ea.js, line 1: unreachable code after return statement
1624344244018	Marionette	INFO	Stopped listening on port 56464

###!!! [Child][RunMessage] Error: Channel closing: too late to send/recv, messages will be lost

1624344382729	mozrunner::runner	INFO	Running command: "C:\\Program Files\\Mozilla Firefox\\firefox.exe" "-marionette" "-foreground" "-no-remote" "-profile" "C:\\Users\\Andrei\\AppData\\Local\\Temp\\rust_mozprofilewz8qeO"
Can't find symbol 'eglSwapBuffersWithDamageEXT'.
Can't find symbol 'eglSetDamageRegionKHR'.
JavaScript error: resource://gre/modules/XULStore.jsm, line 66: Error: Can't find profile directory.
console.warn: SearchSettings: "get: No settings file exists, new profile?" (new Error("", "(unknown module)"))
1624344385531	Marionette	INFO	Listening on port 58494
1624344385933	Marionette	WARN	TLS certificate errors will be ignored for this session
Can't find symbol 'eglSwapBuffersWithDamageEXT'.
Can't find symbol 'eglSetDamageRegionKHR'.
JavaScript warning: https://www.deindeal.ch/_next/static/chunks/main-181e491a691af00e53ea.js, line 1: unreachable code after return statement
1624344623629	Marionette	INFO	Stopped listening on port 58494

###!!! [Child][RunMessage] Error: Channel closing: too late to send/recv, messages will be lost

rs\\Andrei\\AppData\\Local\\Temp\\rust_mozprofileo8RsA2"
Can't find symbol 'eglSwapBuffersWithDamageEXT'.
Can't find symbol 'eglSetDamageRegionKHR'.
JavaScript error: resource://gre/modules/XULStore.jsm, line 66: Error: Can't find profile directory.
console.warn: SearchSettings: "get: No settings file exists, new profile?" (new Error("", "(unknown module)"))
1624344596715	Marionette	INFO	Listening on port 50039
1624344596926	Marionette	WARN	TLS certificate errors will be ignored for this session
Can't find symbol 'eglSwapBuffersWithDamageEXT'.
Can't find symbol 'eglSetDamageRegionKHR'.
JavaScript warning: https://www.deindeal.ch/_next/static/chunks/main-181e491a691af00e53ea.js, line 1: unreachable code after return statement
1624344624917	Marionette	INFO	Stopped listening on port 50039

###!!! [Child][RunMessage] Error: Channel closing: too late to send/recv, messages will be lost

1624344737480	mozrunner::runner	INFO	Running command: "C:\\Program Files\\Mozilla Firefox\\firefox.exe" "-marionette" "-foreground" "-no-remote" "-profile" "C:\\Users\\Andrei\\AppData\\Local\\Temp\\rust_mozprofiletaEHUy"
Can't find symbol 'eglSwapBuffersWithDamageEXT'.
Can't find symbol 'eglSetDamageRegionKHR'.
JavaScript error: resource://gre/modules/XULStore.jsm, line 66: Error: Can't find profile directory.
console.warn: SearchSettings: "get: No settings file exists, new profile?" (new Error("", "(unknown module)"))
1624344740265	Marionette	INFO	Listening on port 58165
1624344740683	Marionette	WARN	TLS certificate errors will be ignored for this session
Can't find symbol 'eglSwapBuffersWithDamageEXT'.
Can't find symbol 'eglSetDamageRegionKHR'.
JavaScript warning: https://www.deindeal.ch/_next/static/chunks/main-181e491a691af00e53ea.js, line 1: unreachable code after return statement
